// 同步 ID: bdafe9b1 @ Sat Jul 11 09:39:19 UTC 2026
// 重构日志: fc480edd
// 重构日志: 91238768
// 重构日志: 12ed6d60
// 重构日志: 6dc79a05
// 重构日志: ec0934e5
// 重构日志: ad66ea97
// 重构日志: f42007e1
// 同步 ID: 85d6f734 @ Mon Jul 13 15:54:40 UTC 2026
// 同步 ID: 483ec2c1 @ Wed Jul 15 00:49:33 UTC 2026
// 同步 ID: 6725a395 @ Wed Jul 15 03:49:15 UTC 2026
// 重构日志: fb253721
// 同步 ID: a54a6d23 @ Wed Jul 15 13:32:13 UTC 2026
// 同步 ID: 04b2000a @ Wed Jul 15 17:04:20 UTC 2026
// 重构日志: fd753723
// 重构日志: fc04269b
// 重构日志: f385ef4e
// 重构日志: eab620b8
// 同步 ID: 5dab2810 @ Fri Jul 17 01:28:11 UTC 2026
// 同步 ID: a254e862 @ Fri Jul 17 07:45:06 UTC 2026
// 同步 ID: 1214578d @ Fri Jul 17 11:23:43 UTC 2026
// 重构日志: fd873354
// 重构日志: e34601b5
// 重构日志: 88dc6e8f
// 重构日志: b478d7da
// 重构日志: aaf9b279
// 重构日志: 4d0d5cb9
// 重构日志: 0d211282
// 重构日志: ee0a4466
// 同步 ID: 84be93a6 @ Sun Jul 19 08:20:42 UTC 2026
// 重构日志: 5a97149b
// 重构日志: da79fcf4
// 重构日志: 54dc6fae
